SF:lib/presentation/add_option_screen.dart
DA:13,1
DA:15,1
DA:16,1
DA:27,1
DA:28,3
DA:30,1
DA:32,1
DA:34,3
DA:35,2
DA:37,1
DA:38,3
DA:40,2
DA:45,1
DA:47,1
DA:48,1
DA:49,1
DA:51,1
DA:52,1
DA:53,1
DA:55,1
DA:58,1
DA:60,1
DA:63,1
DA:64,1
DA:65,1
DA:66,1
DA:68,1
DA:72,1
DA:73,1
DA:75,1
DA:76,2
DA:78,1
DA:79,0
DA:81,0
DA:83,0
DA:85,0
DA:90,0
DA:91,1
DA:92,1
DA:95,1
DA:103,1
DA:105,1
DA:106,1
DA:107,1
DA:108,1
DA:109,1
DA:110,1
DA:111,1
DA:112,1
DA:115,1
DA:116,1
DA:117,1
DA:119,4
DA:129,1
DA:130,2
DA:131,1
DA:132,2
DA:133,2
DA:134,2
DA:135,3
DA:136,2
DA:141,1
DA:142,3
DA:143,2
DA:144,2
DA:145,2
DA:146,2
DA:149,3
DA:151,1
DA:152,1
DA:154,1
DA:155,1
DA:156,2
DA:159,1
DA:160,3
DA:162,1
DA:163,1
DA:165,1
DA:166,1
DA:170,1
DA:171,3
DA:179,1
DA:181,2
DA:182,2
DA:183,2
DA:184,2
DA:185,2
DA:186,1
LF:88
LH:83
end_of_record
SF:lib/presentation/data_controllers.dart
DA:6,1
DA:10,3
DA:12,1
DA:13,2
DA:15,1
DA:16,1
DA:19,2
DA:23,1
DA:27,1
DA:30,1
DA:33,1
DA:34,3
DA:36,1
DA:39,1
DA:41,2
DA:43,3
DA:45,3
DA:49,1
DA:50,6
DA:51,1
DA:56,1
DA:63,1
DA:64,3
DA:66,3
DA:69,2
DA:71,3
DA:74,0
DA:78,1
DA:79,3
DA:81,3
DA:84,3
DA:87,2
DA:89,0
DA:95,1
DA:103,1
DA:104,1
DA:106,1
DA:107,1
DA:109,2
DA:112,1
DA:118,1
DA:119,1
DA:120,1
DA:121,0
DA:122,1
DA:126,1
DA:130,1
DA:131,3
DA:132,3
DA:133,3
DA:134,0
DA:137,0
DA:139,0
DA:141,0
DA:143,0
LF:55
LH:47
end_of_record
SF:lib/presentation/widgets/app_button.dart
DA:4,1
DA:10,1
DA:17,1
DA:19,1
DA:21,1
DA:22,3
DA:23,1
DA:24,1
DA:25,1
DA:26,1
DA:27,1
DA:28,2
DA:29,2
DA:33,5
DA:34,1
DA:35,1
DA:38,2
DA:46,1
DA:48,3
LF:19
LH:19
end_of_record
SF:lib/data/fake_app_repository_impl.dart
DA:7,1
DA:12,1
DA:17,1
DA:19,1
DA:20,1
DA:22,1
DA:23,1
DA:24,1
DA:25,1
DA:32,1
DA:39,1
LF:11
LH:11
end_of_record
SF:lib/ext.dart
DA:8,1
DA:9,1
DA:11,1
DA:12,1
DA:14,1
DA:15,3
DA:16,2
DA:17,1
DA:18,1
DA:19,1
DA:20,2
DA:21,1
DA:23,1
DA:24,2
DA:31,2
DA:37,2
DA:41,3
LF:17
LH:17
end_of_record
SF:lib/presentation/home_screen.dart
DA:10,1
DA:12,1
DA:13,1
DA:18,1
DA:19,3
DA:21,1
DA:23,3
DA:24,3
DA:25,3
DA:27,1
DA:28,0
DA:32,1
DA:35,1
DA:37,1
DA:38,1
DA:39,1
DA:40,1
DA:41,1
DA:42,1
DA:43,1
DA:44,2
DA:46,1
DA:50,1
DA:51,2
DA:55,1
DA:57,1
DA:61,1
DA:62,1
DA:66,1
DA:67,2
DA:70,1
DA:71,1
DA:72,1
DA:83,1
DA:85,2
DA:86,1
LF:36
LH:35
end_of_record
SF:lib/presentation/provider.dart
DA:6,1
DA:11,1
DA:13,1
DA:15,1
DA:17,2
DA:20,0
DA:22,0
LF:7
LH:5
end_of_record
SF:lib/main.dart
DA:10,0
DA:11,0
DA:13,0
DA:15,0
DA:17,0
DA:21,1
DA:30,1
DA:32,1
DA:33,1
DA:34,1
DA:36,4
DA:37,1
DA:42,1
DA:43,1
LF:14
LH:9
end_of_record
SF:lib/data/app_repository_impl.dart
DA:7,0
DA:11,0
DA:13,0
DA:16,0
DA:18,0
DA:20,0
DA:21,0
DA:24,0
DA:25,0
DA:32,0
DA:34,0
LF:11
LH:0
end_of_record
SF:lib/domain/calendar_event_option.dart
DA:4,1
DA:18,0
DA:22,0
DA:23,0
DA:24,0
DA:25,0
DA:26,0
DA:27,0
DA:30,0
DA:32,0
DA:33,0
DA:34,0
DA:35,0
DA:36,0
DA:38,0
DA:39,0
DA:40,0
DA:41,0
DA:42,0
DA:43,0
DA:44,0
DA:48,0
DA:49,0
DA:50,0
DA:51,0
DA:52,0
DA:53,0
DA:54,0
DA:58,0
DA:60,0
DA:61,0
LF:31
LH:1
end_of_record
SF:lib/presentation/widgets/app_textfield.dart
DA:4,1
DA:19,1
DA:21,1
DA:23,1
DA:24,1
DA:25,1
DA:26,1
DA:27,1
DA:28,1
DA:29,1
DA:30,1
DA:31,1
LF:12
LH:12
end_of_record
SF:lib/presentation/widgets/item_reminder_option.dart
DA:7,1
DA:11,1
DA:13,1
DA:15,1
DA:16,3
DA:17,1
DA:18,1
DA:20,1
DA:21,4
DA:22,1
DA:24,1
DA:25,1
DA:28,1
DA:29,3
DA:32,1
DA:33,2
DA:40,1
DA:41,5
LF:18
LH:18
end_of_record
